<?xml version="1.0" encoding="UTF-8"?>
<testng-results ignored="0" total="1" passed="1" failed="0" skipped="0">
  <reporter-output>
  </reporter-output>
  <suite started-at="2022-07-05T11:07:25 IST" name="Default suite" finished-at="2022-07-05T11:07:39 IST" duration-ms="13331">
    <groups>
    </groups>
    <test started-at="2022-07-05T11:07:25 IST" name="Default test" finished-at="2022-07-05T11:07:39 IST" duration-ms="13331">
      <class name="com.hybrid.TestClass.TC_LoginPage">
        <test-method is-config="true" signature="Initalize()[pri:0, instance:com.hybrid.TestClass.TC_LoginPage@437da279]" started-at="2022-07-05T11:07:17 IST" name="Initalize" finished-at="2022-07-05T11:07:25 IST" duration-ms="8529" status="PASS">
          <reporter-output>
          </reporter-output>
        </test-method> <!-- Initalize -->
        <test-method is-config="true" signature="setup()[pri:0, instance:com.hybrid.TestClass.TC_LoginPage@437da279]" started-at="2022-07-05T11:07:25 IST" name="setup" finished-at="2022-07-05T11:07:33 IST" duration-ms="7238" status="PASS">
          <reporter-output>
          </reporter-output>
        </test-method> <!-- setup -->
        <test-method signature="Login()[pri:1, instance:com.hybrid.TestClass.TC_LoginPage@437da279]" started-at="2022-07-05T11:07:33 IST" name="Login" finished-at="2022-07-05T11:07:39 IST" duration-ms="6017" status="PASS">
          <reporter-output>
          </reporter-output>
        </test-method> <!-- Login -->
        <test-method is-config="true" signature="Tearup()[pri:0, instance:com.hybrid.TestClass.TC_LoginPage@437da279]" started-at="2022-07-05T11:07:39 IST" name="Tearup" finished-at="2022-07-05T11:07:43 IST" duration-ms="4313" status="PASS">
          <reporter-output>
          </reporter-output>
        </test-method> <!-- Tearup -->
      </class> <!-- com.hybrid.TestClass.TC_LoginPage -->
    </test> <!-- Default test -->
  </suite> <!-- Default suite -->
</testng-results>
